04:38:30 [INFO] - Running activation sequence for Fiori tools - Application Modeler
04:38:30 [INFO] - Configurations: 'sap.ux.applicationModeler.showJsonSchemas': false; isTheia(): false; isAppStudio(): true
04:38:32 [INFO] - Register Fiori tools file system for configurations...
04:38:32 [INFO] - ...Fiori tools file system registered in 1.431ms
04:38:32 [INFO] - Register views for configurations...
04:38:32 [INFO] - ...views for configurations registered in 1.712ms
04:38:32 [INFO] - Register commands...
04:38:32 [INFO] - ...commands registered in 8.599ms
04:38:32 [INFO] - Activating sync module...
04:38:32 [INFO] - Virtual file system ftfs initialized in 0.347ms
04:38:32 [INFO] - Searching for projects in these workspace folders: 
[ '/home/user' ]
04:38:35 [INFO] - SAP UX projects found and added in 2453.840ms
04:38:35 [INFO] - Start watching **/package.json
04:38:35 [INFO] - package.json watched in 1.210ms
04:38:35 [INFO] - Start watching for workspace folder changes
04:38:35 [INFO] - Workspace folders watched in 0.487ms
04:38:35 [INFO] - Configs watched in 0.165ms
04:38:35 [INFO] - ...sync module activated in 2459.992ms
04:38:35 [INFO] - Activating launch config integration
04:38:35 [INFO] - Handler for Fiori launch configuration registered
04:38:35 [INFO] - ...launch config integration activated in 2.497ms
04:38:35 [INFO] - Activating migration module...
04:38:35 [INFO] - SAP Fiori tools - Application Modeler
'Migration start watching for workspace folder changes'
04:38:35 [INFO] - Workspace folders watched in 1.224ms
04:38:35 [INFO] - SAP Fiori tools - Application Modeler
'Migration start watching **/package.json'
04:38:35 [INFO] - package.json watched in 0.756ms
04:38:35 [INFO] - SAP Fiori tools - Application Modeler
'Migration start watching **/pom.xml'
04:38:35 [INFO] - pom.xml watched in 0.961ms
04:38:35 [INFO] - SAP Fiori tools - Application Modeler
'Migration start watching **/neo-app.json'
04:38:35 [INFO] - neo-app.json watched in 0.576ms
04:38:35 [INFO] - SAP Fiori tools - Application Modeler
'Migration start watching **/manifest.json'
04:38:35 [INFO] - manifest.json watched in 0.896ms
04:38:38 [INFO] - ...migration module activated in 3591.881ms
04:38:38 [INFO] - activation sequence for Fiori tools - Application Modeler done in 8241.389ms
