[1669955910350] INFO  (ext): SQLTools is starting
[1669955910357] INFO  (ext): initializing language client...
[1669955910670] INFO  (ext): Registering client for languages [{"scheme":"sqltools"},{"language":"sql","scheme":"untitled"},{"language":"sql","scheme":"file"},{"language":"sql","scheme":"sqltools"}]
    ns: "lc"
[1669955910928] INFO  (ext): loading plugins...
[1669955910928] INFO  (ext): registering Formatter Plugin.
    plugin: {
      "name": "Formatter Plugin"
    }
[1669955910929] INFO  (ext): registering Connection Manager Plugin.
    plugin: {
      "name": "Connection Manager Plugin"
    }
[1669955910929] INFO  (ext): registering CodeLens Plugin.
    plugin: {
      "name": "CodeLens Plugin",
      "registeredLanguages": []
    }
[1669955910931] INFO  (ext): registering Dependency Manager Plugin.
    plugin: {
      "name": "Dependency Manager Plugin",
      "installingDrivers": []
    }
[1669955910933] INFO  (ext): Connection explorer changed. Will be updated.
    ns: "conn-man:explorer"
[1669955910933] INFO  (ext): registering History Manager Plugin.
    plugin: {
      "name": "History Manager Plugin"
    }
[1669955910934] INFO  (ext): registering Bookmarks Manager Plugin.
    plugin: {
      "name": "Bookmarks Manager Plugin"
    }
[1669955910937] INFO  (ext): SQLTools activation completed. 585.96905 ms
[1669955910940] INFO  (ext): Formatter Plugin registered!
[1669955910940] INFO  (ext): CodeLens Plugin registered!
[1669955910940] INFO  (ext): Dependency Manager Plugin registered!
[1669955910940] INFO  (ext): Connection Manager Plugin registered!
[1669955910941] INFO  (ext): History Manager Plugin registered!
[1669955910941] INFO  (ext): Bookmarks Manager Plugin registered!
[1669955913590] INFO  (ext): EXECUTING COMMAND => sqltools.refreshTree
[1669955913591] INFO  (ext): Connection explorer changed. Will be updated.
    ns: "conn-man:explorer"
[1669955913803] INFO  (ext): Connection explorer changed. Will be updated.
    ns: "conn-man:explorer"
[1669955913977] INFO  (ls): SQLTools Server started!
===============================
Using node runtime?: yes
ExecPath: /opt/nodejs/node-v16.11.1-linux-x64/bin/node v16.11.1
===============================
[1669955913982] INFO  (ls): User defined env vars
===============================
{"PATH":"/usr/local/sbin:/usr/local/bin:/usr/sbin:/usr/bin:/sbin:/bin:/home/user/.node_modules_global/bin"}
===============================:
[1669955914795] INFO  (ext): LanguageClient ready
    ns: "lc"
[1669955914789] INFO  (ls): Initialized with node version:v16.11.1
[1669955915912] INFO  (ext): registering SQLite Plugin (driver).
    plugin: {
      "extensionId": "mtxr.sqltools-driver-sqlite",
      "name": "SQLite Plugin",
      "type": "driver"
    }
[1669955915985] INFO  (ls): REQUEST RECEIVED => ls/RegisterPlugin
[1669955915996] INFO  (ls): request to register plugin: "/extbin/local/openvscode-server/extensions/sqltools-driver-sqlite-0.4.0/out/ls/plugin.js"
[1669955916097] INFO  (ls): Driver sqlite registered!
    place: "driver-map"
    ns: "ls-context"
[1669955916141] INFO  (ext): SQLite Plugin (driver) registered!
[1669955916438] INFO  (ext): Connection explorer changed. Will be updated.
    ns: "conn-man:explorer"
[1669955916818] INFO  (ext): Connection explorer changed. Will be updated.
    ns: "conn-man:explorer"
[1669955917140] INFO  (ext): EXECUTING COMMAND => sqltools.refreshTree
[1669955917141] INFO  (ext): Connection explorer changed. Will be updated.
    ns: "conn-man:explorer"
[1669956072425] INFO  (ext): Connection explorer changed. Will be updated.
    ns: "conn-man:explorer"
[1669957008377] INFO  (ext): Connection explorer changed. Will be updated.
    ns: "conn-man:explorer"
[1669957032221] INFO  (ext): Connection explorer changed. Will be updated.
    ns: "conn-man:explorer"
[1669957048308] INFO  (ext): Connection explorer changed. Will be updated.
    ns: "conn-man:explorer"
[1669957059493] INFO  (ext): Connection explorer changed. Will be updated.
    ns: "conn-man:explorer"
[1669957069568] INFO  (ext): Connection explorer changed. Will be updated.
    ns: "conn-man:explorer"
[1669957081016] INFO  (ext): Connection explorer changed. Will be updated.
    ns: "conn-man:explorer"
[1669957087080] INFO  (ext): Connection explorer changed. Will be updated.
    ns: "conn-man:explorer"
