05:17:15 [INFO] - Running activation sequence for Fiori tools - Application Modeler
05:17:15 [INFO] - Configurations: 'sap.ux.applicationModeler.showJsonSchemas': false; isTheia(): false; isAppStudio(): true
05:17:17 [INFO] - Register Fiori tools file system for configurations...
05:17:17 [INFO] - ...Fiori tools file system registered in 0.736ms
05:17:17 [INFO] - Register views for configurations...
05:17:17 [INFO] - ...views for configurations registered in 0.805ms
05:17:17 [INFO] - Register commands...
05:17:17 [INFO] - ...commands registered in 3.546ms
05:17:17 [INFO] - Activating sync module...
05:17:17 [INFO] - Virtual file system ftfs initialized in 0.143ms
05:17:17 [INFO] - Searching for projects in these workspace folders: 
[ '/home/user' ]
05:17:21 [INFO] - SAP UX projects found and added in 4000.180ms
05:17:21 [INFO] - Start watching **/package.json
05:17:21 [INFO] - package.json watched in 1.301ms
05:17:21 [INFO] - Start watching for workspace folder changes
05:17:21 [INFO] - Workspace folders watched in 0.811ms
05:17:21 [INFO] - Configs watched in 0.474ms
05:17:21 [INFO] - ...sync module activated in 4010.061ms
05:17:21 [INFO] - Activating launch config integration
05:17:21 [INFO] - Handler for Fiori launch configuration registered
05:17:21 [INFO] - ...launch config integration activated in 1.775ms
05:17:21 [INFO] - Activating migration module...
05:17:21 [INFO] - SAP Fiori tools - Application Modeler
'Migration start watching for workspace folder changes'
05:17:21 [INFO] - Workspace folders watched in 0.871ms
05:17:21 [INFO] - SAP Fiori tools - Application Modeler
'Migration start watching **/package.json'
05:17:21 [INFO] - package.json watched in 0.575ms
05:17:21 [INFO] - SAP Fiori tools - Application Modeler
'Migration start watching **/pom.xml'
05:17:21 [INFO] - pom.xml watched in 0.997ms
05:17:21 [INFO] - SAP Fiori tools - Application Modeler
'Migration start watching **/neo-app.json'
05:17:21 [INFO] - neo-app.json watched in 0.520ms
05:17:21 [INFO] - SAP Fiori tools - Application Modeler
'Migration start watching **/manifest.json'
05:17:21 [INFO] - manifest.json watched in 0.539ms
05:17:26 [INFO] - ...migration module activated in 5170.361ms
05:17:26 [INFO] - activation sequence for Fiori tools - Application Modeler done in 11154.349ms
