[2022-12-02T05:17:20.911Z] Log level: Info
[2022-12-02T05:17:20.942Z] [info] Validating found git in: git
[2022-12-02T05:17:21.556Z] [info] Using git 2.30.2 from git
[2022-12-02T05:17:21.671Z] > git rev-parse --show-toplevel [70ms]
[2022-12-02T05:17:21.671Z] fatal: not a git repository (or any parent up to mount point /)
Stopping at filesystem boundary (GIT_DISCOVERY_ACROSS_FILESYSTEM not set).
[2022-12-02T05:17:21.779Z] > git rev-parse --show-toplevel [74ms]
[2022-12-02T05:17:21.779Z] fatal: not a git repository (or any parent up to mount point /)
Stopping at filesystem boundary (GIT_DISCOVERY_ACROSS_FILESYSTEM not set).
[2022-12-02T05:17:21.814Z] > git rev-parse --show-toplevel [4ms]
[2022-12-02T05:17:21.814Z] fatal: not a git repository (or any parent up to mount point /)
Stopping at filesystem boundary (GIT_DISCOVERY_ACROSS_FILESYSTEM not set).
[2022-12-02T05:17:21.846Z] > git rev-parse --show-toplevel [5ms]
[2022-12-02T05:17:21.846Z] fatal: not a git repository (or any parent up to mount point /)
Stopping at filesystem boundary (GIT_DISCOVERY_ACROSS_FILESYSTEM not set).
[2022-12-02T05:17:21.876Z] > git rev-parse --show-toplevel [3ms]
[2022-12-02T05:17:21.876Z] fatal: not a git repository (or any parent up to mount point /)
Stopping at filesystem boundary (GIT_DISCOVERY_ACROSS_FILESYSTEM not set).
[2022-12-02T05:17:21.965Z] > git rev-parse --show-toplevel [62ms]
[2022-12-02T05:17:21.965Z] fatal: not a git repository (or any parent up to mount point /)
Stopping at filesystem boundary (GIT_DISCOVERY_ACROSS_FILESYSTEM not set).
[2022-12-02T05:17:21.998Z] > git rev-parse --show-toplevel [6ms]
[2022-12-02T05:17:21.998Z] fatal: not a git repository (or any parent up to mount point /)
Stopping at filesystem boundary (GIT_DISCOVERY_ACROSS_FILESYSTEM not set).
[2022-12-02T05:17:22.042Z] > git rev-parse --show-toplevel [16ms]
[2022-12-02T05:17:22.042Z] fatal: not a git repository (or any parent up to mount point /)
Stopping at filesystem boundary (GIT_DISCOVERY_ACROSS_FILESYSTEM not set).
[2022-12-02T05:17:22.080Z] > git rev-parse --show-toplevel [9ms]
[2022-12-02T05:17:22.080Z] fatal: not a git repository (or any parent up to mount point /)
Stopping at filesystem boundary (GIT_DISCOVERY_ACROSS_FILESYSTEM not set).
[2022-12-02T05:17:22.124Z] > git rev-parse --show-toplevel [7ms]
[2022-12-02T05:17:22.124Z] fatal: not a git repository (or any parent up to mount point /)
Stopping at filesystem boundary (GIT_DISCOVERY_ACROSS_FILESYSTEM not set).
[2022-12-02T05:17:22.161Z] > git rev-parse --show-toplevel [6ms]
[2022-12-02T05:17:22.161Z] fatal: not a git repository (or any parent up to mount point /)
Stopping at filesystem boundary (GIT_DISCOVERY_ACROSS_FILESYSTEM not set).
[2022-12-02T05:17:22.196Z] > git rev-parse --show-toplevel [7ms]
[2022-12-02T05:17:22.196Z] fatal: not a git repository (or any parent up to mount point /)
Stopping at filesystem boundary (GIT_DISCOVERY_ACROSS_FILESYSTEM not set).
[2022-12-02T05:17:22.226Z] > git rev-parse --show-toplevel [4ms]
[2022-12-02T05:17:22.226Z] fatal: not a git repository (or any parent up to mount point /)
Stopping at filesystem boundary (GIT_DISCOVERY_ACROSS_FILESYSTEM not set).
[2022-12-02T05:17:22.264Z] > git rev-parse --show-toplevel [9ms]
[2022-12-02T05:17:22.264Z] fatal: not a git repository (or any parent up to mount point /)
Stopping at filesystem boundary (GIT_DISCOVERY_ACROSS_FILESYSTEM not set).
[2022-12-02T05:17:22.310Z] > git rev-parse --show-toplevel [15ms]
[2022-12-02T05:17:22.310Z] fatal: not a git repository (or any parent up to mount point /)
Stopping at filesystem boundary (GIT_DISCOVERY_ACROSS_FILESYSTEM not set).
[2022-12-02T05:17:22.343Z] > git rev-parse --show-toplevel [4ms]
[2022-12-02T05:17:22.343Z] fatal: not a git repository (or any parent up to mount point /)
Stopping at filesystem boundary (GIT_DISCOVERY_ACROSS_FILESYSTEM not set).
[2022-12-02T05:17:22.374Z] > git rev-parse --show-toplevel [4ms]
[2022-12-02T05:17:22.374Z] fatal: not a git repository (or any parent up to mount point /)
Stopping at filesystem boundary (GIT_DISCOVERY_ACROSS_FILESYSTEM not set).
[2022-12-02T05:17:22.402Z] > git rev-parse --show-toplevel [2ms]
[2022-12-02T05:17:22.402Z] fatal: not a git repository (or any parent up to mount point /)
Stopping at filesystem boundary (GIT_DISCOVERY_ACROSS_FILESYSTEM not set).
[2022-12-02T05:17:22.428Z] > git rev-parse --show-toplevel [2ms]
[2022-12-02T05:17:22.428Z] fatal: not a git repository (or any parent up to mount point /)
Stopping at filesystem boundary (GIT_DISCOVERY_ACROSS_FILESYSTEM not set).
[2022-12-02T05:17:22.478Z] > git rev-parse --show-toplevel [24ms]
[2022-12-02T05:17:22.478Z] fatal: not a git repository (or any parent up to mount point /)
Stopping at filesystem boundary (GIT_DISCOVERY_ACROSS_FILESYSTEM not set).
[2022-12-02T05:17:22.797Z] > git rev-parse --show-toplevel [8ms]
[2022-12-02T05:17:22.797Z] fatal: not a git repository (or any parent up to mount point /)
Stopping at filesystem boundary (GIT_DISCOVERY_ACROSS_FILESYSTEM not set).
[2022-12-02T05:17:23.013Z] > git rev-parse --show-toplevel [3ms]
[2022-12-02T05:17:23.013Z] fatal: not a git repository (or any parent up to mount point /)
Stopping at filesystem boundary (GIT_DISCOVERY_ACROSS_FILESYSTEM not set).
[2022-12-02T05:17:23.541Z] > git rev-parse --show-toplevel [11ms]
[2022-12-02T05:17:23.541Z] fatal: not a git repository (or any parent up to mount point /)
Stopping at filesystem boundary (GIT_DISCOVERY_ACROSS_FILESYSTEM not set).
[2022-12-02T05:17:24.382Z] > git rev-parse --show-toplevel [115ms]
[2022-12-02T05:17:24.382Z] fatal: not a git repository (or any parent up to mount point /)
Stopping at filesystem boundary (GIT_DISCOVERY_ACROSS_FILESYSTEM not set).
