[1669958235456] INFO  (ext): SQLTools is starting
[1669958235463] INFO  (ext): initializing language client...
[1669958235704] INFO  (ext): Registering client for languages [{"scheme":"sqltools"},{"language":"sql","scheme":"untitled"},{"language":"sql","scheme":"file"},{"language":"sql","scheme":"sqltools"}]
    ns: "lc"
[1669958235889] INFO  (ext): loading plugins...
[1669958235890] INFO  (ext): registering Formatter Plugin.
    plugin: {
      "name": "Formatter Plugin"
    }
[1669958235890] INFO  (ext): registering Connection Manager Plugin.
    plugin: {
      "name": "Connection Manager Plugin"
    }
[1669958235891] INFO  (ext): registering CodeLens Plugin.
    plugin: {
      "name": "CodeLens Plugin",
      "registeredLanguages": []
    }
[1669958235892] INFO  (ext): registering Dependency Manager Plugin.
    plugin: {
      "name": "Dependency Manager Plugin",
      "installingDrivers": []
    }
[1669958235894] INFO  (ext): Connection explorer changed. Will be updated.
    ns: "conn-man:explorer"
[1669958235895] INFO  (ext): registering History Manager Plugin.
    plugin: {
      "name": "History Manager Plugin"
    }
[1669958235895] INFO  (ext): registering Bookmarks Manager Plugin.
    plugin: {
      "name": "Bookmarks Manager Plugin"
    }
[1669958235900] INFO  (ext): SQLTools activation completed. 443.242075 ms
[1669958235901] INFO  (ext): Formatter Plugin registered!
[1669958235901] INFO  (ext): CodeLens Plugin registered!
[1669958235901] INFO  (ext): Dependency Manager Plugin registered!
[1669958235901] INFO  (ext): Connection Manager Plugin registered!
[1669958235901] INFO  (ext): History Manager Plugin registered!
[1669958235902] INFO  (ext): Bookmarks Manager Plugin registered!
[1669958239287] INFO  (ext): EXECUTING COMMAND => sqltools.refreshTree
[1669958239289] INFO  (ext): Connection explorer changed. Will be updated.
    ns: "conn-man:explorer"
[1669958239474] INFO  (ext): Connection explorer changed. Will be updated.
    ns: "conn-man:explorer"
[1669958239594] INFO  (ls): SQLTools Server started!
===============================
Using node runtime?: yes
ExecPath: /opt/nodejs/node-v16.11.1-linux-x64/bin/node v16.11.1
===============================
[1669958239599] INFO  (ls): User defined env vars
===============================
{"PATH":"/usr/local/sbin:/usr/local/bin:/usr/sbin:/usr/bin:/sbin:/bin:/home/user/.node_modules_global/bin"}
===============================:
[1669958240353] INFO  (ext): LanguageClient ready
    ns: "lc"
[1669958240349] INFO  (ls): Initialized with node version:v16.11.1
[1669958241468] INFO  (ext): registering SQLite Plugin (driver).
    plugin: {
      "extensionId": "mtxr.sqltools-driver-sqlite",
      "name": "SQLite Plugin",
      "type": "driver"
    }
[1669958241470] INFO  (ls): REQUEST RECEIVED => ls/RegisterPlugin
[1669958241471] INFO  (ls): request to register plugin: "/extbin/local/openvscode-server/extensions/sqltools-driver-sqlite-0.4.0/out/ls/plugin.js"
[1669958241532] INFO  (ls): Driver sqlite registered!
    place: "driver-map"
    ns: "ls-context"
[1669958241641] INFO  (ext): SQLite Plugin (driver) registered!
[1669958241906] INFO  (ext): Connection explorer changed. Will be updated.
    ns: "conn-man:explorer"
[1669958242191] INFO  (ext): Connection explorer changed. Will be updated.
    ns: "conn-man:explorer"
[1669958242644] INFO  (ext): EXECUTING COMMAND => sqltools.refreshTree
[1669958242645] INFO  (ext): Connection explorer changed. Will be updated.
    ns: "conn-man:explorer"
[1669958243079] INFO  (ext): Connection explorer changed. Will be updated.
    ns: "conn-man:explorer"
[1669958244164] INFO  (ext): Connection explorer changed. Will be updated.
    ns: "conn-man:explorer"
[1669958246861] INFO  (ext): Connection explorer changed. Will be updated.
    ns: "conn-man:explorer"
