05:43:11 [INFO] - Running activation sequence for Fiori tools - Application Modeler
05:43:11 [INFO] - Configurations: 'sap.ux.applicationModeler.showJsonSchemas': false; isTheia(): false; isAppStudio(): true
05:43:13 [INFO] - Register Fiori tools file system for configurations...
05:43:13 [INFO] - ...Fiori tools file system registered in 0.968ms
05:43:13 [INFO] - Register views for configurations...
05:43:13 [INFO] - ...views for configurations registered in 1.139ms
05:43:13 [INFO] - Register commands...
05:43:13 [INFO] - ...commands registered in 5.573ms
05:43:13 [INFO] - Activating sync module...
05:43:13 [INFO] - Virtual file system ftfs initialized in 0.264ms
05:43:13 [INFO] - Searching for projects in these workspace folders: 
[ '/home/user' ]
05:43:20 [INFO] - SAP UX projects found and added in 6860.157ms
05:43:20 [INFO] - Start watching **/package.json
05:43:20 [INFO] - package.json watched in 1.680ms
05:43:20 [INFO] - Start watching for workspace folder changes
05:43:20 [INFO] - Workspace folders watched in 0.610ms
05:43:20 [INFO] - Configs watched in 0.558ms
05:43:20 [INFO] - ...sync module activated in 6868.636ms
05:43:20 [INFO] - Activating launch config integration
05:43:20 [INFO] - Handler for Fiori launch configuration registered
05:43:20 [INFO] - ...launch config integration activated in 3.842ms
05:43:20 [INFO] - Activating migration module...
05:43:20 [INFO] - SAP Fiori tools - Application Modeler
'Migration start watching for workspace folder changes'
05:43:20 [INFO] - Workspace folders watched in 1.052ms
05:43:20 [INFO] - SAP Fiori tools - Application Modeler
'Migration start watching **/package.json'
05:43:20 [INFO] - package.json watched in 0.791ms
05:43:20 [INFO] - SAP Fiori tools - Application Modeler
'Migration start watching **/pom.xml'
05:43:20 [INFO] - pom.xml watched in 1.061ms
05:43:20 [INFO] - SAP Fiori tools - Application Modeler
'Migration start watching **/neo-app.json'
05:43:20 [INFO] - neo-app.json watched in 0.519ms
05:43:20 [INFO] - SAP Fiori tools - Application Modeler
'Migration start watching **/manifest.json'
05:43:20 [INFO] - manifest.json watched in 0.483ms
05:43:24 [INFO] - ...migration module activated in 4140.708ms
05:43:24 [INFO] - activation sequence for Fiori tools - Application Modeler done in 13159.761ms
