04:24:52 [INFO] - Running activation sequence for Fiori tools - Application Modeler
04:24:52 [INFO] - Configurations: 'sap.ux.applicationModeler.showJsonSchemas': false; isTheia(): false; isAppStudio(): true
04:24:54 [INFO] - Register Fiori tools file system for configurations...
04:24:54 [INFO] - ...Fiori tools file system registered in 0.703ms
04:24:54 [INFO] - Register views for configurations...
04:24:54 [INFO] - ...views for configurations registered in 0.760ms
04:24:54 [INFO] - Register commands...
04:24:54 [INFO] - ...commands registered in 3.721ms
04:24:54 [INFO] - Activating sync module...
04:24:54 [INFO] - Virtual file system ftfs initialized in 0.214ms
04:24:54 [INFO] - Searching for projects in these workspace folders: 
[ '/home/user' ]
04:24:57 [INFO] - SAP UX projects found and added in 2316.961ms
04:24:57 [INFO] - Start watching **/package.json
04:24:57 [INFO] - package.json watched in 1.634ms
04:24:57 [INFO] - Start watching for workspace folder changes
04:24:57 [INFO] - Workspace folders watched in 0.599ms
04:24:57 [INFO] - Configs watched in 0.250ms
04:24:57 [INFO] - ...sync module activated in 2327.918ms
04:24:57 [INFO] - Activating launch config integration
04:24:57 [INFO] - Handler for Fiori launch configuration registered
04:24:57 [INFO] - ...launch config integration activated in 2.102ms
04:24:57 [INFO] - Activating migration module...
04:24:57 [INFO] - SAP Fiori tools - Application Modeler
'Migration start watching for workspace folder changes'
04:24:57 [INFO] - Workspace folders watched in 0.563ms
04:24:57 [INFO] - SAP Fiori tools - Application Modeler
'Migration start watching **/package.json'
04:24:57 [INFO] - package.json watched in 0.781ms
04:24:57 [INFO] - SAP Fiori tools - Application Modeler
'Migration start watching **/pom.xml'
04:24:57 [INFO] - pom.xml watched in 0.735ms
04:24:57 [INFO] - SAP Fiori tools - Application Modeler
'Migration start watching **/neo-app.json'
04:24:57 [INFO] - neo-app.json watched in 0.680ms
04:24:57 [INFO] - SAP Fiori tools - Application Modeler
'Migration start watching **/manifest.json'
04:24:57 [INFO] - manifest.json watched in 0.530ms
04:25:06 [INFO] - ...migration module activated in 9570.439ms
04:25:06 [INFO] - activation sequence for Fiori tools - Application Modeler done in 14081.408ms
04:25:41 [INFO] - Starting application info for '/home/user/LogisticaDeAbastecimiento'
04:25:42 [WARN] - Error during processing of application info for '/home/user/LogisticaDeAbastecimiento'. Error was: 
[TypeError: The "path" argument must be of type string. Received undefined
	at new NodeError (node:internal/errors:371:5)
	at validateString (node:internal/validators:119:11)
	at Object.join (node:path:1172:7)
	at xde.readAppWithPages (/extbin/local/openvscode-server/extensions/sap-ux-application-modeler-extension-1.8.2/dist/extension-min.js:978:9294)
	at getPages (/extbin/local/openvscode-server/extensions/sap-ux-application-modeler-extension-1.8.2/dist/extension-min.js:2696:176182)
	at Jai._e.t.appRoot (/extbin/local/openvscode-server/extensions/sap-ux-application-modeler-extension-1.8.2/dist/extension-min.js:2698:6818)
	at getPropertySafely (/extbin/local/openvscode-server/extensions/sap-ux-application-modeler-extension-1.8.2/dist/extension-min.js:2698:5490)
	at getApplicationInfo (/extbin/local/openvscode-server/extensions/sap-ux-application-modeler-extension-1.8.2/dist/extension-min.js:2698:6777)
	at async EAe.sendApplicationInfoToWebapp (/extbin/local/openvscode-server/extensions/sap-ux-application-modeler-extension-1.8.2/dist/extension-min.js:2698:8489)] {
  code: 'ERR_INVALID_ARG_TYPE'
}
04:25:42 [WARN] - Error during processing of application info for '/home/user/LogisticaDeAbastecimiento'. Error was: 
[Error: Could not determine OData version from manifest.
	at getOdataVersion (/extbin/local/openvscode-server/extensions/sap-ux-application-modeler-extension-1.8.2/dist/extension-min.js:2696:176543)
	at Jai._e.t.appRoot (/extbin/local/openvscode-server/extensions/sap-ux-application-modeler-extension-1.8.2/dist/extension-min.js:2698:6887)
	at getPropertySafely (/extbin/local/openvscode-server/extensions/sap-ux-application-modeler-extension-1.8.2/dist/extension-min.js:2698:5490)
	at getApplicationInfo (/extbin/local/openvscode-server/extensions/sap-ux-application-modeler-extension-1.8.2/dist/extension-min.js:2698:6880)
	at async EAe.sendApplicationInfoToWebapp (/extbin/local/openvscode-server/extensions/sap-ux-application-modeler-extension-1.8.2/dist/extension-min.js:2698:8489)]
04:25:42 [INFO] - Application information collected in 30.274ms
04:25:42 [INFO] - App info for '/home/user/LogisticaDeAbastecimiento':
 {
  "appRoot": "/home/user/LogisticaDeAbastecimiento",
  "backend": "EDMX Backend",
  "commands": [
    {
      "tags": [
        "SAP Fiori elements",
        "SAPUI5 freestyle",
        "v2",
        "v4",
        "EDMX Backend",
        "CAP Node.js"
      ],
      "commandLabel": "Preview Application",
      "commandDescription": "Choose from start scripts to run the application preview.",
      "commandIcon": "Preview",
      "exec": {
        "commandId": "sap.ux.pageEditor.previewExternal",
        "argument": {
          "fsPath": "/home/user/LogisticaDeAbastecimiento"
        }
      }
    },
    {
      "tags": [
        "SAP Fiori elements",
        "SAPUI5 freestyle",
        "v2",
        "v4",
        "EDMX Backend"
      ],
      "commandLabel": "Manage Service Models",
      "commandDescription": "You can sync metadata.xml with backend.",
      "commandIcon": "Association",
      "exec": {
        "commandId": "sap.ux.serviceModeler.openServiceMgr",
        "argument": {
          "fsPath": "/home/user/LogisticaDeAbastecimiento/webapp/manifest.json"
        }
      }
    },
    {
      "tags": [
        "SAP Fiori elements",
        "SAPUI5 freestyle",
        "v2",
        "v4",
        "EDMX Backend",
        "CAP Node.js"
      ],
      "commandLabel": "Add Deploy Config",
      "commandDescription": "Add deploy configuration to the application.",
      "commandIcon": "Add",
      "exec": {
        "cwd": "/home/user/LogisticaDeAbastecimiento",
        "arguments": [
          "npm",
          "run",
          "deploy-config"
        ],
        "onDone": {
          "watchPath": "/home/user/LogisticaDeAbastecimiento/package.json",
          "activity": "REFRESH"
        }
      }
    },
    {
      "tags": [
        "SAP Fiori elements",
        "SAPUI5 freestyle",
        "v2",
        "v4",
        "EDMX Backend",
        "CAP Node.js"
      ],
      "commandLabel": "Deploy Application",
      "commandDescription": "Deploy the application according to the configuration by default stored in 'ui5-deploy.yaml'.",
      "commandIcon": "World",
      "exec": {
        "cwd": "/home/user/LogisticaDeAbastecimiento",
        "arguments": [
          "npm",
          "run",
          "deploy"
        ]
      }
    },
    {
      "tags": [
        "SAP Fiori elements",
        "SAPUI5 freestyle",
        "v2",
        "v4",
        "EDMX Backend",
        "CAP Node.js",
        "CAP Java"
      ],
      "commandLabel": "Check Node Modules",
      "commandDescription": "Execute command that checks all node module dependencies for newer versions.",
      "commandIcon": "Cleanup",
      "exec": {
        "cwd": "/home/user/LogisticaDeAbastecimiento",
        "arguments": [
          "npm",
          "outdated"
        ]
      }
    },
    {
      "tags": [
        "SAP Fiori elements",
        "SAPUI5 freestyle",
        "v2",
        "v4",
        "EDMX Backend"
      ],
      "commandLabel": "Add Variants Config",
      "commandDescription": "Add Configuration for Variants Creation.",
      "commandIcon": "Edit",
      "exec": {
        "commandId": "sap.ux.applicationModeler.addVariantsConfig",
        "argument": {
          "fsPath": "/home/user/LogisticaDeAbastecimiento"
        }
      }
    },
    {
      "tags": [
        "SAPUI5 freestyle",
        "SAP Fiori elements",
        "v2",
        "v4",
        "EDMX Backend",
        "CAP Java",
        "CAP Node.js"
      ],
      "commandLabel": "Create Archive",
      "commandDescription": "Zip the project excluding the node_modules for sharing (e.g. support cases)",
      "commandIcon": "FolderOpened",
      "exec": {
        "commandId": "sap.ux.environmentcheck.archiveProject",
        "argument": {
          "fsPath": "/home/user/LogisticaDeAbastecimiento"
        }
      }
    },
    {
      "tags": [
        "SAPUI5 freestyle",
        "SAP Fiori elements",
        "v2",
        "v4",
        "EDMX Backend",
        "CAP Java",
        "CAP Node.js"
      ],
      "commandLabel": "Change minUI5Version",
      "commandDescription": "Change the minimum version of SAPUI5 that this application requires.",
      "commandIcon": "Ui5",
      "exec": {
        "commandId": "sap.ux.applicationModeler.changeMinUI5Version",
        "argument": {
          "fsPath": "/home/user/LogisticaDeAbastecimiento"
        }
      }
    }
  ],
  "description": "{{appDescription}}",
  "documentationLinks": [
    {
      "tags": [
        "SAPUI5 freestyle"
      ],
      "text": "Developing apps",
      "url": "https://ui5.sap.com/#/topic/23cfd955f58142389fa7c9097e11559c"
    },
    {
      "tags": [
        "EDMX Backendv2",
        "EDMX Backendv4",
        "CAP Node.jsv4",
        "CAP Javav4",
        "SAPUI5 freestyle"
      ],
      "text": "SAP Fiori tools Community",
      "url": "https://answers.sap.com/tags/73555000100800002345"
    },
    {
      "tags": [
        "EDMX Backendv2",
        "EDMX Backendv4",
        "CAP Node.jsv4",
        "CAP Javav4",
        "SAPUI5 freestyle"
      ],
      "text": "SAPUI5 Help",
      "url": "https://sapui5.hana.ondemand.com/#/topic"
    },
    {
      "tags": [
        "EDMX Backendv2",
        "EDMX Backendv4",
        "CAP Node.jsv4",
        "CAP Javav4",
        "SAPUI5 freestyle"
      ],
      "text": "SAP Fiori tools Help",
      "url": "https://help.sap.com/viewer/product/SAP_FIORI_tools/Latest/en-US"
    },
    {
      "tags": [
        "EDMX Backendv2",
        "EDMX Backendv4",
        "CAP Node.jsv4",
        "CAP Javav4",
        "SAPUI5 freestyle"
      ],
      "text": "SAP Fiori Design Guidelines",
      "url": "https://experience.sap.com/fiori-design-web/"
    },
    {
      "tags": [
        "EDMX Backendv2",
        "EDMX Backendv4",
        "CAP Node.jsv4",
        "CAP Javav4",
        "SAPUI5 freestyle"
      ],
      "text": "Contact Support",
      "url": "https://help.sap.com/viewer/1bb01966b27a429ebf62fa2e45354fea/Latest/en-US"
    }
  ],
  "fileLinks": [
    {
      "commandLabel": "package.json",
      "commandDescription": "Show file package.json in text editor.",
      "commandIcon": "Edit",
      "exec": {
        "commandId": "sap.ux.applicationModeler.configExplorer.showFile",
        "argument": {
          "uri": {
            "$mid": 1,
            "path": "/home/user/LogisticaDeAbastecimiento/package.json",
            "scheme": "file"
          }
        }
      }
    },
    {
      "commandLabel": "manifest.json",
      "commandDescription": "Show file manifest.json in text editor.",
      "commandIcon": "Edit",
      "exec": {
        "commandId": "sap.ux.applicationModeler.configExplorer.showFile",
        "argument": {
          "uri": {
            "$mid": 1,
            "path": "/home/user/LogisticaDeAbastecimiento/webapp/manifest.json",
            "scheme": "file"
          }
        }
      }
    }
  ],
  "location": "/home/user/LogisticaDeAbastecimiento",
  "minui5version": "1.50.0",
  "name": "com.sap.build.standard.logisticaDeAbastecimiento",
  "namespace": "com.sap.build.standard",
  "odataversion": "",
  "pages": [],
  "projectRoot": "/home/user/LogisticaDeAbastecimiento",
  "serviceLinks": [
    {
      "text": "local (V2.0)",
      "tooltip": "Destination ES5Proyecto\nService /here/goes/your/serviceUrl/local/\nOData Version 2.0",
      "url": ""
    }
  ],
  "status": [],
  "title": "Logistica de Abastecimiento",
  "type": "SAPUI5 freestyle"
}
04:25:42 [INFO] - App status for '/home/user/LogisticaDeAbastecimiento':
 [
  {
    "statusIcon": "Error",
    "description": "Node modules are not installed.",
    "quickFix": {
      "commandDescription": "Run 'npm install' in terminal.",
      "commandLabel": "npm install",
      "commandIcon": "",
      "exec": {
        "cwd": "/home/user/LogisticaDeAbastecimiento",
        "arguments": [
          "npm",
          "install"
        ]
      }
    }
  }
]
