{
  "label": "@ui5-language-assistant/language-server",
  "level": "error",
  "message": "Could not read version information",
  "time": "2022-12-02T04:28:38.606Z",
  "url": "https://ui5.sap.com/1.50.0/resources/sap-ui-version.json"
}
{
  "label": "@ui5-language-assistant/language-server",
  "level": "error",
  "message": "Could not read version information",
  "time": "2022-12-02T04:28:39.056Z",
  "url": "https://ui5.sap.com/1.50.0/resources/sap-ui-version.json"
}
Unknown type: sap.m.IToolbarInteractiveControl [SAPUI5:1.71.53]
sap.m.IToolbarInteractiveControl is a UnresolvedType and not an interface (class sap.m.Breadcrumbs implements it) [SAPUI5:1.71.53]
Unknown type: sap.m.IToolbarInteractiveControl [SAPUI5:1.71.53]
sap.m.IToolbarInteractiveControl is a UnresolvedType and not an interface (class sap.m.Button implements it) [SAPUI5:1.71.53]
Unknown type: sap.m.IToolbarInteractiveControl [SAPUI5:1.71.53]
sap.m.IToolbarInteractiveControl is a UnresolvedType and not an interface (class sap.m.CheckBox implements it) [SAPUI5:1.71.53]
Unknown type: sap.m.IToolbarInteractiveControl [SAPUI5:1.71.53]
sap.m.IToolbarInteractiveControl is a UnresolvedType and not an interface (class sap.m.ComboBox implements it) [SAPUI5:1.71.53]
Unknown type: sap.m.IToolbarInteractiveControl [SAPUI5:1.71.53]
sap.m.IToolbarInteractiveControl is a UnresolvedType and not an interface (class sap.m.DateTimeInput implements it) [SAPUI5:1.71.53]
Unknown type: sap.m.IToolbarInteractiveControl [SAPUI5:1.71.53]
sap.m.IToolbarInteractiveControl is a UnresolvedType and not an interface (class sap.m.GenericTag implements it) [SAPUI5:1.71.53]
Unknown type: sap.m.IToolbarInteractiveControl [SAPUI5:1.71.53]
sap.m.IToolbarInteractiveControl is a UnresolvedType and not an interface (class sap.m.Input implements it) [SAPUI5:1.71.53]
Unknown type: sap.m.IToolbarInteractiveControl [SAPUI5:1.71.53]
sap.m.IToolbarInteractiveControl is a UnresolvedType and not an interface (class sap.m.Label implements it) [SAPUI5:1.71.53]
Unknown type: sap.m.IToolbarInteractiveControl [SAPUI5:1.71.53]
sap.m.IToolbarInteractiveControl is a UnresolvedType and not an interface (class sap.m.Link implements it) [SAPUI5:1.71.53]
Unknown type: sap.m.IToolbarInteractiveControl [SAPUI5:1.71.53]
sap.m.IToolbarInteractiveControl is a UnresolvedType and not an interface (class sap.m.MenuButton implements it) [SAPUI5:1.71.53]
Unknown type: sap.m.IToolbarInteractiveControl [SAPUI5:1.71.53]
sap.m.IToolbarInteractiveControl is a UnresolvedType and not an interface (class sap.m.OverflowToolbarButton implements it) [SAPUI5:1.71.53]
Unknown type: sap.m.IToolbarInteractiveControl [SAPUI5:1.71.53]
sap.m.IToolbarInteractiveControl is a UnresolvedType and not an interface (class sap.m.RadioButton implements it) [SAPUI5:1.71.53]
Unknown type: sap.m.IToolbarInteractiveControl [SAPUI5:1.71.53]
sap.m.IToolbarInteractiveControl is a UnresolvedType and not an interface (class sap.m.SearchField implements it) [SAPUI5:1.71.53]
Unknown type: sap.m.IToolbarInteractiveControl [SAPUI5:1.71.53]
sap.m.IToolbarInteractiveControl is a UnresolvedType and not an interface (class sap.m.SegmentedButton implements it) [SAPUI5:1.71.53]
Unknown type: sap.m.IToolbarInteractiveControl [SAPUI5:1.71.53]
sap.m.IToolbarInteractiveControl is a UnresolvedType and not an interface (class sap.m.Select implements it) [SAPUI5:1.71.53]
Unknown type: sap.m.IToolbarInteractiveControl [SAPUI5:1.71.53]
sap.m.IToolbarInteractiveControl is a UnresolvedType and not an interface (class sap.m.SplitButton implements it) [SAPUI5:1.71.53]
Unknown type: sap.m.IToolbarInteractiveControl [SAPUI5:1.71.53]
sap.m.IToolbarInteractiveControl is a UnresolvedType and not an interface (class sap.m.Switch implements it) [SAPUI5:1.71.53]
Unknown type: sap.m.IToolbarInteractiveControl [SAPUI5:1.71.53]
sap.m.IToolbarInteractiveControl is a UnresolvedType and not an interface (class sap.m.Text implements it) [SAPUI5:1.71.53]
Unknown type: sap.m.IToolbarInteractiveControl [SAPUI5:1.71.53]
sap.m.IToolbarInteractiveControl is a UnresolvedType and not an interface (class sap.m.Title implements it) [SAPUI5:1.71.53]
Unknown type: sap.m.IToolbarInteractiveControl [SAPUI5:1.71.53]
sap.m.IToolbarInteractiveControl is a UnresolvedType and not an interface (class sap.m.ToggleButton implements it) [SAPUI5:1.71.53]
{
  "error": 204,
  "label": "@ui5-language-assistant/language-server",
  "level": "error",
  "message": "Failure during SWA tracking",
  "time": "2022-12-02T04:28:50.101Z"
}
{
  "error": 204,
  "label": "@ui5-language-assistant/language-server",
  "level": "error",
  "message": "Failure during SWA tracking",
  "time": "2022-12-02T04:28:50.422Z"
}
{
  "error": 204,
  "label": "@ui5-language-assistant/language-server",
  "level": "error",
  "message": "Failure during SWA tracking",
  "time": "2022-12-02T04:28:58.228Z"
}
{
  "error": 204,
  "label": "@ui5-language-assistant/language-server",
  "level": "error",
  "message": "Failure during SWA tracking",
  "time": "2022-12-02T04:49:48.101Z"
}
{
  "error": 204,
  "label": "@ui5-language-assistant/language-server",
  "level": "error",
  "message": "Failure during SWA tracking",
  "time": "2022-12-02T04:49:54.708Z"
}
{
  "error": 204,
  "label": "@ui5-language-assistant/language-server",
  "level": "error",
  "message": "Failure during SWA tracking",
  "time": "2022-12-02T04:53:40.332Z"
}
{
  "error": 204,
  "label": "@ui5-language-assistant/language-server",
  "level": "error",
  "message": "Failure during SWA tracking",
  "time": "2022-12-02T04:54:30.433Z"
}
{
  "error": 204,
  "label": "@ui5-language-assistant/language-server",
  "level": "error",
  "message": "Failure during SWA tracking",
  "time": "2022-12-02T04:55:39.372Z"
}
{
  "error": 204,
  "label": "@ui5-language-assistant/language-server",
  "level": "error",
  "message": "Failure during SWA tracking",
  "time": "2022-12-02T04:56:11.096Z"
}
{
  "error": 204,
  "label": "@ui5-language-assistant/language-server",
  "level": "error",
  "message": "Failure during SWA tracking",
  "time": "2022-12-02T04:56:11.445Z"
}
{
  "error": 204,
  "label": "@ui5-language-assistant/language-server",
  "level": "error",
  "message": "Failure during SWA tracking",
  "time": "2022-12-02T04:56:30.482Z"
}
{
  "error": 204,
  "label": "@ui5-language-assistant/language-server",
  "level": "error",
  "message": "Failure during SWA tracking",
  "time": "2022-12-02T04:56:55.507Z"
}
{
  "error": 204,
  "label": "@ui5-language-assistant/language-server",
  "level": "error",
  "message": "Failure during SWA tracking",
  "time": "2022-12-02T04:57:03.857Z"
}
{
  "error": 204,
  "label": "@ui5-language-assistant/language-server",
  "level": "error",
  "message": "Failure during SWA tracking",
  "time": "2022-12-02T04:57:11.310Z"
}
{
  "error": 204,
  "label": "@ui5-language-assistant/language-server",
  "level": "error",
  "message": "Failure during SWA tracking",
  "time": "2022-12-02T04:57:13.057Z"
}
{
  "error": 204,
  "label": "@ui5-language-assistant/language-server",
  "level": "error",
  "message": "Failure during SWA tracking",
  "time": "2022-12-02T05:04:04.757Z"
}
{
  "error": 204,
  "label": "@ui5-language-assistant/language-server",
  "level": "error",
  "message": "Failure during SWA tracking",
  "time": "2022-12-02T05:04:23.554Z"
}
{
  "error": 204,
  "label": "@ui5-language-assistant/language-server",
  "level": "error",
  "message": "Failure during SWA tracking",
  "time": "2022-12-02T05:04:33.433Z"
}
{
  "error": 204,
  "label": "@ui5-language-assistant/language-server",
  "level": "error",
  "message": "Failure during SWA tracking",
  "time": "2022-12-02T05:05:03.446Z"
}
{
  "error": 204,
  "label": "@ui5-language-assistant/language-server",
  "level": "error",
  "message": "Failure during SWA tracking",
  "time": "2022-12-02T05:05:04.833Z"
}
{
  "error": 204,
  "label": "@ui5-language-assistant/language-server",
  "level": "error",
  "message": "Failure during SWA tracking",
  "time": "2022-12-02T05:05:18.324Z"
}
{
  "error": 204,
  "label": "@ui5-language-assistant/language-server",
  "level": "error",
  "message": "Failure during SWA tracking",
  "time": "2022-12-02T05:05:18.639Z"
}
{
  "error": 204,
  "label": "@ui5-language-assistant/language-server",
  "level": "error",
  "message": "Failure during SWA tracking",
  "time": "2022-12-02T05:05:19.591Z"
}
{
  "error": 204,
  "label": "@ui5-language-assistant/language-server",
  "level": "error",
  "message": "Failure during SWA tracking",
  "time": "2022-12-02T05:05:19.782Z"
}
{
  "error": 204,
  "label": "@ui5-language-assistant/language-server",
  "level": "error",
  "message": "Failure during SWA tracking",
  "time": "2022-12-02T05:05:20.088Z"
}
{
  "error": 204,
  "label": "@ui5-language-assistant/language-server",
  "level": "error",
  "message": "Failure during SWA tracking",
  "time": "2022-12-02T05:05:27.275Z"
}
{
  "error": 204,
  "label": "@ui5-language-assistant/language-server",
  "level": "error",
  "message": "Failure during SWA tracking",
  "time": "2022-12-02T05:05:28.075Z"
}
{
  "error": 204,
  "label": "@ui5-language-assistant/language-server",
  "level": "error",
  "message": "Failure during SWA tracking",
  "time": "2022-12-02T05:05:32.377Z"
}
{
  "error": 204,
  "label": "@ui5-language-assistant/language-server",
  "level": "error",
  "message": "Failure during SWA tracking",
  "time": "2022-12-02T05:05:32.596Z"
}
{
  "error": 204,
  "label": "@ui5-language-assistant/language-server",
  "level": "error",
  "message": "Failure during SWA tracking",
  "time": "2022-12-02T05:05:32.945Z"
}
{
  "error": 204,
  "label": "@ui5-language-assistant/language-server",
  "level": "error",
  "message": "Failure during SWA tracking",
  "time": "2022-12-02T05:05:34.799Z"
}
{
  "error": 204,
  "label": "@ui5-language-assistant/language-server",
  "level": "error",
  "message": "Failure during SWA tracking",
  "time": "2022-12-02T05:05:43.075Z"
}
{
  "error": 204,
  "label": "@ui5-language-assistant/language-server",
  "level": "error",
  "message": "Failure during SWA tracking",
  "time": "2022-12-02T05:05:44.473Z"
}
{
  "error": 204,
  "label": "@ui5-language-assistant/language-server",
  "level": "error",
  "message": "Failure during SWA tracking",
  "time": "2022-12-02T05:05:54.707Z"
}
{
  "error": 204,
  "label": "@ui5-language-assistant/language-server",
  "level": "error",
  "message": "Failure during SWA tracking",
  "time": "2022-12-02T05:10:24.558Z"
}
{
  "error": 204,
  "label": "@ui5-language-assistant/language-server",
  "level": "error",
  "message": "Failure during SWA tracking",
  "time": "2022-12-02T05:11:09.105Z"
}
