[Error - 4:58:04 AM] Dec 2, 2022, 4:58:04 AM Failed to read package name from file:///home/user/.vscode/data/User/workspaceStorage/-5db86f3a-1/redhat.java
/home/user/.vscode/data/User/workspaceStorage/-5db86f3a-1/redhat.java (Is a directory)
java.io.FileNotFoundException: /home/user/.vscode/data/User/workspaceStorage/-5db86f3a-1/redhat.java (Is a directory)
	at java.base/java.io.FileInputStream.open0(Native Method)
	at java.base/java.io.FileInputStream.open(FileInputStream.java:219)
	at java.base/java.io.FileInputStream.<init>(FileInputStream.java:157)
	at com.google.common.io.Files$FileByteSource.openStream(Files.java:130)
	at com.google.common.io.Files$FileByteSource.read(Files.java:154)
	at com.google.common.io.ByteSource$AsCharSource.read(ByteSource.java:470)
	at com.google.common.io.Files.toString(Files.java:254)
	at org.eclipse.jdt.ls.core.internal.JDTUtils.getPackageName(JDTUtils.java:297)
	at org.eclipse.jdt.ls.core.internal.JDTUtils.getFakeCompilationUnit(JDTUtils.java:261)
	at org.eclipse.jdt.ls.core.internal.JDTUtils.resolveCompilationUnit(JDTUtils.java:185)
	at org.eclipse.jdt.ls.core.internal.JDTUtils.resolveCompilationUnit(JDTUtils.java:165)
	at org.eclipse.jdt.ls.core.internal.handlers.WorkspaceEventsHandler.didChangeWatchedFiles(WorkspaceEventsHandler.java:82)
	at org.eclipse.jdt.ls.core.internal.handlers.JDTLanguageServer.didChangeWatchedFiles(JDTLanguageServer.java:493)
	at java.base/jdk.internal.reflect.NativeMethodAccessorImpl.invoke0(Native Method)
	at java.base/jdk.internal.reflect.NativeMethodAccessorImpl.invoke(NativeMethodAccessorImpl.java:62)
	at java.base/jdk.internal.reflect.DelegatingMethodAccessorImpl.invoke(DelegatingMethodAccessorImpl.java:43)
	at java.base/java.lang.reflect.Method.invoke(Method.java:566)
	at org.eclipse.lsp4j.jsonrpc.services.GenericEndpoint.lambda$null$0(GenericEndpoint.java:65)
	at org.eclipse.lsp4j.jsonrpc.services.GenericEndpoint.notify(GenericEndpoint.java:152)
	at org.eclipse.lsp4j.jsonrpc.RemoteEndpoint.handleNotification(RemoteEndpoint.java:220)
	at org.eclipse.lsp4j.jsonrpc.RemoteEndpoint.consume(RemoteEndpoint.java:187)
	at org.eclipse.lsp4j.jsonrpc.json.StreamMessageProducer.handleMessage(StreamMessageProducer.java:194)
	at org.eclipse.lsp4j.jsonrpc.json.StreamMessageProducer.listen(StreamMessageProducer.java:94)
	at org.eclipse.lsp4j.jsonrpc.json.ConcurrentMessageProcessor.run(ConcurrentMessageProcessor.java:113)
	at java.base/java.util.concurrent.Executors$RunnableAdapter.call(Executors.java:515)
	at java.base/java.util.concurrent.FutureTask.run(FutureTask.java:264)
	at java.base/java.util.concurrent.ThreadPoolExecutor.runWorker(ThreadPoolExecutor.java:1128)
	at java.base/java.util.concurrent.ThreadPoolExecutor$Worker.run(ThreadPoolExecutor.java:628)
	at java.base/java.lang.Thread.run(Thread.java:834)

[Error - 4:58:04 AM] Dec 2, 2022, 4:58:04 AM Failed to create linked resource from file:///home/user/.vscode/data/User/workspaceStorage/-5db86f3a-1/redhat.java to jdt.ls-java-project
Cannot create linked resource '/jdt.ls-java-project/src/redhat.java'.  Files cannot be linked to folders.
org.eclipse.core.internal.resources.ResourceException(/jdt.ls-java-project/src/redhat.java)[276]: java.lang.Exception: Cannot create linked resource '/jdt.ls-java-project/src/redhat.java'.  Files cannot be linked to folders.
	at org.eclipse.core.internal.resources.ResourceException.provideStackTrace(ResourceException.java:42)
	at org.eclipse.core.internal.resources.ResourceException.<init>(ResourceException.java:38)
	at org.eclipse.core.internal.resources.Resource.assertLinkRequirements(Resource.java:189)
	at org.eclipse.core.internal.resources.Resource.createLink(Resource.java:636)
	at org.eclipse.jdt.ls.core.internal.JDTUtils.getFakeCompilationUnit(JDTUtils.java:270)
	at org.eclipse.jdt.ls.core.internal.JDTUtils.resolveCompilationUnit(JDTUtils.java:185)
	at org.eclipse.jdt.ls.core.internal.JDTUtils.resolveCompilationUnit(JDTUtils.java:165)
	at org.eclipse.jdt.ls.core.internal.handlers.WorkspaceEventsHandler.didChangeWatchedFiles(WorkspaceEventsHandler.java:82)
	at org.eclipse.jdt.ls.core.internal.handlers.JDTLanguageServer.didChangeWatchedFiles(JDTLanguageServer.java:493)
	at java.base/jdk.internal.reflect.NativeMethodAccessorImpl.invoke0(Native Method)
	at java.base/jdk.internal.reflect.NativeMethodAccessorImpl.invoke(NativeMethodAccessorImpl.java:62)
	at java.base/jdk.internal.reflect.DelegatingMethodAccessorImpl.invoke(DelegatingMethodAccessorImpl.java:43)
	at java.base/java.lang.reflect.Method.invoke(Method.java:566)
	at org.eclipse.lsp4j.jsonrpc.services.GenericEndpoint.lambda$null$0(GenericEndpoint.java:65)
	at org.eclipse.lsp4j.jsonrpc.services.GenericEndpoint.notify(GenericEndpoint.java:152)
	at org.eclipse.lsp4j.jsonrpc.RemoteEndpoint.handleNotification(RemoteEndpoint.java:220)
	at org.eclipse.lsp4j.jsonrpc.RemoteEndpoint.consume(RemoteEndpoint.java:187)
	at org.eclipse.lsp4j.jsonrpc.json.StreamMessageProducer.handleMessage(StreamMessageProducer.java:194)
	at org.eclipse.lsp4j.jsonrpc.json.StreamMessageProducer.listen(StreamMessageProducer.java:94)
	at org.eclipse.lsp4j.jsonrpc.json.ConcurrentMessageProcessor.run(ConcurrentMessageProcessor.java:113)
	at java.base/java.util.concurrent.Executors$RunnableAdapter.call(Executors.java:515)
	at java.base/java.util.concurrent.FutureTask.run(FutureTask.java:264)
	at java.base/java.util.concurrent.ThreadPoolExecutor.runWorker(ThreadPoolExecutor.java:1128)
	at java.base/java.util.concurrent.ThreadPoolExecutor$Worker.run(ThreadPoolExecutor.java:628)
	at java.base/java.lang.Thread.run(Thread.java:834)

