[1669958508467] INFO  (ext): SQLTools is starting
[1669958508472] INFO  (ext): initializing language client...
[1669958508686] INFO  (ext): Registering client for languages [{"scheme":"sqltools"},{"language":"sql","scheme":"untitled"},{"language":"sql","scheme":"file"},{"language":"sql","scheme":"sqltools"}]
    ns: "lc"
[1669958508849] INFO  (ext): loading plugins...
[1669958508850] INFO  (ext): registering Formatter Plugin.
    plugin: {
      "name": "Formatter Plugin"
    }
[1669958508850] INFO  (ext): registering Connection Manager Plugin.
    plugin: {
      "name": "Connection Manager Plugin"
    }
[1669958508850] INFO  (ext): registering CodeLens Plugin.
    plugin: {
      "name": "CodeLens Plugin",
      "registeredLanguages": []
    }
[1669958508852] INFO  (ext): registering Dependency Manager Plugin.
    plugin: {
      "name": "Dependency Manager Plugin",
      "installingDrivers": []
    }
[1669958508854] INFO  (ext): Connection explorer changed. Will be updated.
    ns: "conn-man:explorer"
[1669958508854] INFO  (ext): registering History Manager Plugin.
    plugin: {
      "name": "History Manager Plugin"
    }
[1669958508855] INFO  (ext): registering Bookmarks Manager Plugin.
    plugin: {
      "name": "Bookmarks Manager Plugin"
    }
[1669958508858] INFO  (ext): SQLTools activation completed. 390.557384 ms
[1669958508859] INFO  (ext): Formatter Plugin registered!
[1669958508859] INFO  (ext): CodeLens Plugin registered!
[1669958508859] INFO  (ext): Dependency Manager Plugin registered!
[1669958508859] INFO  (ext): Connection Manager Plugin registered!
[1669958508859] INFO  (ext): History Manager Plugin registered!
[1669958508859] INFO  (ext): Bookmarks Manager Plugin registered!
[1669958511163] INFO  (ext): EXECUTING COMMAND => sqltools.refreshTree
[1669958511164] INFO  (ext): Connection explorer changed. Will be updated.
    ns: "conn-man:explorer"
[1669958511404] INFO  (ext): Connection explorer changed. Will be updated.
    ns: "conn-man:explorer"
[1669958511546] INFO  (ls): SQLTools Server started!
===============================
Using node runtime?: yes
ExecPath: /opt/nodejs/node-v16.11.1-linux-x64/bin/node v16.11.1
===============================
[1669958511552] INFO  (ls): User defined env vars
===============================
{"PATH":"/usr/local/sbin:/usr/local/bin:/usr/sbin:/usr/bin:/sbin:/bin:/home/user/.node_modules_global/bin"}
===============================:
[1669958512975] INFO  (ext): LanguageClient ready
    ns: "lc"
[1669958512962] INFO  (ls): Initialized with node version:v16.11.1
[1669958514209] INFO  (ext): registering SQLite Plugin (driver).
    plugin: {
      "extensionId": "mtxr.sqltools-driver-sqlite",
      "name": "SQLite Plugin",
      "type": "driver"
    }
[1669958514211] INFO  (ls): REQUEST RECEIVED => ls/RegisterPlugin
[1669958514213] INFO  (ls): request to register plugin: "/extbin/local/openvscode-server/extensions/sqltools-driver-sqlite-0.4.0/out/ls/plugin.js"
[1669958514410] INFO  (ls): Driver sqlite registered!
    place: "driver-map"
    ns: "ls-context"
[1669958514479] INFO  (ext): SQLite Plugin (driver) registered!
[1669958514938] INFO  (ext): Connection explorer changed. Will be updated.
    ns: "conn-man:explorer"
[1669958515299] INFO  (ext): Connection explorer changed. Will be updated.
    ns: "conn-man:explorer"
[1669958515489] INFO  (ext): EXECUTING COMMAND => sqltools.refreshTree
[1669958515489] INFO  (ext): Connection explorer changed. Will be updated.
    ns: "conn-man:explorer"
[1669958515490] INFO  (ext): Connection explorer changed. Will be updated.
    ns: "conn-man:explorer"
[1669958558152] INFO  (ext): Connection explorer changed. Will be updated.
    ns: "conn-man:explorer"
[1669958559723] INFO  (ext): Connection explorer changed. Will be updated.
    ns: "conn-man:explorer"
[1669958620441] INFO  (ext): Connection explorer changed. Will be updated.
    ns: "conn-man:explorer"
[1669958627789] INFO  (ext): Connection explorer changed. Will be updated.
    ns: "conn-man:explorer"
[1669958665960] INFO  (ext): Connection explorer changed. Will be updated.
    ns: "conn-man:explorer"
[1669958900424] INFO  (ext): Connection explorer changed. Will be updated.
    ns: "conn-man:explorer"
