[1669954210338] INFO  (ext): SQLTools is starting
[1669954210343] INFO  (ext): initializing language client...
[1669954210668] INFO  (ext): Registering client for languages [{"scheme":"sqltools"},{"language":"sql","scheme":"untitled"},{"language":"sql","scheme":"file"},{"language":"sql","scheme":"sqltools"}]
    ns: "lc"
[1669954210860] INFO  (ext): loading plugins...
[1669954210860] INFO  (ext): registering Formatter Plugin.
    plugin: {
      "name": "Formatter Plugin"
    }
[1669954210861] INFO  (ext): registering Connection Manager Plugin.
    plugin: {
      "name": "Connection Manager Plugin"
    }
[1669954210862] INFO  (ext): registering CodeLens Plugin.
    plugin: {
      "name": "CodeLens Plugin",
      "registeredLanguages": []
    }
[1669954210864] INFO  (ext): registering Dependency Manager Plugin.
    plugin: {
      "name": "Dependency Manager Plugin",
      "installingDrivers": []
    }
[1669954210865] INFO  (ext): Connection explorer changed. Will be updated.
    ns: "conn-man:explorer"
[1669954210866] INFO  (ext): registering History Manager Plugin.
    plugin: {
      "name": "History Manager Plugin"
    }
[1669954210866] INFO  (ext): registering Bookmarks Manager Plugin.
    plugin: {
      "name": "Bookmarks Manager Plugin"
    }
[1669954210867] INFO  (ext): SQLTools activation completed. 529.31895 ms
[1669954210868] INFO  (ext): Formatter Plugin registered!
[1669954210869] INFO  (ext): CodeLens Plugin registered!
[1669954210869] INFO  (ext): Dependency Manager Plugin registered!
[1669954210869] INFO  (ext): Connection Manager Plugin registered!
[1669954210869] INFO  (ext): History Manager Plugin registered!
[1669954210869] INFO  (ext): Bookmarks Manager Plugin registered!
[1669954213454] INFO  (ext): EXECUTING COMMAND => sqltools.refreshTree
[1669954213455] INFO  (ext): Connection explorer changed. Will be updated.
    ns: "conn-man:explorer"
[1669954213666] INFO  (ext): Connection explorer changed. Will be updated.
    ns: "conn-man:explorer"
[1669954213945] INFO  (ls): SQLTools Server started!
===============================
Using node runtime?: yes
ExecPath: /opt/nodejs/node-v16.11.1-linux-x64/bin/node v16.11.1
===============================
[1669954213959] INFO  (ls): User defined env vars
===============================
{"PATH":"/usr/local/sbin:/usr/local/bin:/usr/sbin:/usr/bin:/sbin:/bin:/home/user/.node_modules_global/bin"}
===============================:
[1669954214845] INFO  (ext): LanguageClient ready
    ns: "lc"
[1669954214830] INFO  (ls): Initialized with node version:v16.11.1
[1669954215399] INFO  (ext): registering SQLite Plugin (driver).
    plugin: {
      "extensionId": "mtxr.sqltools-driver-sqlite",
      "name": "SQLite Plugin",
      "type": "driver"
    }
[1669954215401] INFO  (ls): REQUEST RECEIVED => ls/RegisterPlugin
[1669954215401] INFO  (ls): request to register plugin: "/extbin/local/openvscode-server/extensions/sqltools-driver-sqlite-0.4.0/out/ls/plugin.js"
[1669954215478] INFO  (ls): Driver sqlite registered!
    place: "driver-map"
    ns: "ls-context"
[1669954215562] INFO  (ext): SQLite Plugin (driver) registered!
[1669954216353] INFO  (ext): Connection explorer changed. Will be updated.
    ns: "conn-man:explorer"
[1669954216591] INFO  (ext): EXECUTING COMMAND => sqltools.refreshTree
[1669954216591] INFO  (ext): Connection explorer changed. Will be updated.
    ns: "conn-man:explorer"
[1669954216612] INFO  (ext): Connection explorer changed. Will be updated.
    ns: "conn-man:explorer"
[1669954338649] INFO  (ext): Connection explorer changed. Will be updated.
    ns: "conn-man:explorer"
[1669954667501] INFO  (ext): Connection explorer changed. Will be updated.
    ns: "conn-man:explorer"
[1669954668911] INFO  (ext): Connection explorer changed. Will be updated.
    ns: "conn-man:explorer"
