[1669959233603] INFO  (ext): SQLTools is starting
[1669959233609] INFO  (ext): initializing language client...
[1669959233848] INFO  (ext): Registering client for languages [{"scheme":"sqltools"},{"language":"sql","scheme":"untitled"},{"language":"sql","scheme":"file"},{"language":"sql","scheme":"sqltools"}]
    ns: "lc"
[1669959233996] INFO  (ext): loading plugins...
[1669959233996] INFO  (ext): registering Formatter Plugin.
    plugin: {
      "name": "Formatter Plugin"
    }
[1669959233997] INFO  (ext): registering Connection Manager Plugin.
    plugin: {
      "name": "Connection Manager Plugin"
    }
[1669959233997] INFO  (ext): registering CodeLens Plugin.
    plugin: {
      "name": "CodeLens Plugin",
      "registeredLanguages": []
    }
[1669959233999] INFO  (ext): registering Dependency Manager Plugin.
    plugin: {
      "name": "Dependency Manager Plugin",
      "installingDrivers": []
    }
[1669959234000] INFO  (ext): Connection explorer changed. Will be updated.
    ns: "conn-man:explorer"
[1669959234001] INFO  (ext): registering History Manager Plugin.
    plugin: {
      "name": "History Manager Plugin"
    }
[1669959234001] INFO  (ext): registering Bookmarks Manager Plugin.
    plugin: {
      "name": "Bookmarks Manager Plugin"
    }
[1669959234004] INFO  (ext): SQLTools activation completed. 400.552862 ms
[1669959234005] INFO  (ext): Formatter Plugin registered!
[1669959234005] INFO  (ext): CodeLens Plugin registered!
[1669959234005] INFO  (ext): Dependency Manager Plugin registered!
[1669959234005] INFO  (ext): Connection Manager Plugin registered!
[1669959234006] INFO  (ext): History Manager Plugin registered!
[1669959234006] INFO  (ext): Bookmarks Manager Plugin registered!
[1669959238531] INFO  (ext): EXECUTING COMMAND => sqltools.refreshTree
[1669959238532] INFO  (ext): Connection explorer changed. Will be updated.
    ns: "conn-man:explorer"
[1669959238532] INFO  (ext): Connection explorer changed. Will be updated.
    ns: "conn-man:explorer"
[1669959238926] INFO  (ls): SQLTools Server started!
===============================
Using node runtime?: yes
ExecPath: /opt/nodejs/node-v16.11.1-linux-x64/bin/node v16.11.1
===============================
[1669959238932] INFO  (ls): User defined env vars
===============================
{"PATH":"/usr/local/sbin:/usr/local/bin:/usr/sbin:/usr/bin:/sbin:/bin:/home/user/.node_modules_global/bin"}
===============================:
[1669959240195] INFO  (ext): LanguageClient ready
    ns: "lc"
[1669959240185] INFO  (ls): Initialized with node version:v16.11.1
[1669959241296] INFO  (ext): registering SQLite Plugin (driver).
    plugin: {
      "extensionId": "mtxr.sqltools-driver-sqlite",
      "name": "SQLite Plugin",
      "type": "driver"
    }
[1669959241304] INFO  (ls): REQUEST RECEIVED => ls/RegisterPlugin
[1669959241304] INFO  (ls): request to register plugin: "/extbin/local/openvscode-server/extensions/sqltools-driver-sqlite-0.4.0/out/ls/plugin.js"
[1669959241352] INFO  (ls): Driver sqlite registered!
    place: "driver-map"
    ns: "ls-context"
[1669959241461] INFO  (ext): SQLite Plugin (driver) registered!
[1669959241870] INFO  (ext): Connection explorer changed. Will be updated.
    ns: "conn-man:explorer"
[1669959242317] INFO  (ext): Connection explorer changed. Will be updated.
    ns: "conn-man:explorer"
[1669959242469] INFO  (ext): EXECUTING COMMAND => sqltools.refreshTree
[1669959242470] INFO  (ext): Connection explorer changed. Will be updated.
    ns: "conn-man:explorer"
[1669959242474] INFO  (ext): Connection explorer changed. Will be updated.
    ns: "conn-man:explorer"
[1669960247108] INFO  (ext): Connection explorer changed. Will be updated.
    ns: "conn-man:explorer"
[1669960307878] INFO  (ext): Connection explorer changed. Will be updated.
    ns: "conn-man:explorer"
[1669960314181] INFO  (ext): Connection explorer changed. Will be updated.
    ns: "conn-man:explorer"
